<?xml version="1.0" encoding="UTF-8"?>
<!-- Generated by org.testng.reporters.JUnitReportReporter -->
<testsuite skipped="0" hostname="DESKTOP-0NJMRIR" name="com.automation.selenium.windows.Example0" tests="1" failures="0" timestamp="30 Jul 2018 10:40:10 GMT" time="17.020" errors="0">
  <testcase name="test" time="17.020" classname="com.automation.selenium.windows.Example0"/>
</testsuite> <!-- com.automation.selenium.windows.Example0 -->
